<?xml version="1.0" encoding="UTF-8" ?>
<testsuite tests="6" failures="0" name="ca.vanier.CustomerApiTest" time="0.03" errors="0" skipped="0">
  <properties>
[...]
</properties>
  <testcase classname="ca.vanier.CustomerApiTest" name="TestingExceptionEmptyString" time="0.004"/>
  <testcase classname="ca.vanier.CustomerApiTest" name="TestingEightTeenAndOver" time="0.011"/>
  <testcase classname="ca.vanier.CustomerApiTest" name="TestingExceptionWrongList" time="0.005"/>
  <testcase classname="ca.vanier.CustomerApiTest" name="TestingEightTeenAndUnder" time="0.001"/>
  <testcase classname="ca.vanier.CustomerApiTest" name="TestingExceptionWrongButSaveIsCorrect" time="0.006"/>
  <testcase classname="ca.vanier.CustomerApiTest" name="TestingListAll" time="0.003"/>
</testsuite>